2025-08-15 05:35:59 +00:00: 
2025-08-15 05:35:59 +00:00: > frappe-ui-frontend@0.0.0 dev
2025-08-15 05:35:59 +00:00: > vite
2025-08-15 05:35:59 +00:00: 
2025-08-15 05:36:00 +00:00: No common_site_config.json found, using default port 8000
2025-08-15 05:36:00 +00:00: 
2025-08-15 05:36:00 +00:00:   VITE v5.4.19  ready in 912 ms
2025-08-15 05:36:00 +00:00: 
2025-08-15 05:36:00 +00:00:   ➜  Local:   http://localhost:8080/
2025-08-15 05:36:00 +00:00:   ➜  Network: http://169.254.0.21:8080/
2025-08-15 05:38:36 +00:00: 
2025-08-15 05:38:36 +00:00: > my-custom-lms-frontend@1.0.0-fork dev
2025-08-15 05:38:36 +00:00: > vite
2025-08-15 05:38:36 +00:00: 
2025-08-15 05:38:36 +00:00: No common_site_config.json found, using default port 8000
2025-08-15 05:38:37 +00:00: 
2025-08-15 05:38:37 +00:00:   VITE v5.4.19  ready in 1022 ms
2025-08-15 05:38:37 +00:00: 
2025-08-15 05:38:37 +00:00:   ➜  Local:   http://localhost:8080/
2025-08-15 05:38:37 +00:00:   ➜  Network: http://169.254.0.21:8080/
